scaffold : [2019-01-17 14:31:44] [INFO ] [com.alu.scaffold.ScaffoldApplication:50]-- Starting ScaffoldApplication on alu.local with PID 2059 (/Users/chenjialu/work/workspace/scaffold/target/classes started by chenjialu in /Users/chenjialu/work/workspace/scaffold)
scaffold : [2019-01-17 14:31:44] [INFO ] [com.alu.scaffold.ScaffoldApplication:679]-- The following profiles are active: dev
scaffold : [2019-01-17 14:31:45] [INFO ] [org.springframework.data.repository.config.RepositoryConfigurationDelegate:244]-- Multiple Spring Data modules found, entering strict repository configuration mode!
scaffold : [2019-01-17 14:31:45] [INFO ] [org.springframework.data.repository.config.RepositoryConfigurationDelegate:126]-- Bootstrapping Spring Data repositories in DEFAULT mode.
scaffold : [2019-01-17 14:31:45] [INFO ] [org.springframework.data.repository.config.RepositoryConfigurationDelegate:182]-- Finished Spring Data repository scanning in 16ms. Found 0 repository interfaces.
scaffold : [2019-01-17 14:31:45] [INFO ] [org.springframework.context.annotation.ConfigurationClassPostProcessor:380]-- Cannot enhance @Configuration bean definition 'mybatisConfigurer.MyBatisMapperScannerConfigurer' since its singleton instance has been created too early. The typical cause is a non-static @Bean method with a BeanDefinitionRegistryPostProcessor return type: Consider declaring such methods as 'static'.
scaffold : [2019-01-17 14:31:45] [INFO ] [org.springframework.context.support.PostProcessorRegistrationDelegate$BeanPostProcessorChecker:330]-- Bean 'org.springframework.amqp.rabbit.annotation.RabbitBootstrapConfiguration' of type [org.springframework.amqp.rabbit.annotation.RabbitBootstrapConfiguration$$EnhancerBySpringCGLIB$$557f3845] is not eligible for getting processed by all BeanPostProcessors (for example: not eligible for auto-proxying)
scaffold : [2019-01-17 14:31:45] [INFO ] [org.springframework.context.support.PostProcessorRegistrationDelegate$BeanPostProcessorChecker:330]-- Bean 'redisConfigurer' of type [com.alu.scaffold.config.RedisConfigurer$$EnhancerBySpringCGLIB$$7e930dde] is not eligible for getting processed by all BeanPostProcessors (for example: not eligible for auto-proxying)
scaffold : [2019-01-17 14:31:45] [INFO ] [org.springframework.context.support.PostProcessorRegistrationDelegate$BeanPostProcessorChecker:330]-- Bean 'org.springframework.transaction.annotation.ProxyTransactionManagementConfiguration' of type [org.springframework.transaction.annotation.ProxyTransactionManagementConfiguration$$EnhancerBySpringCGLIB$$8f137a17] is not eligible for getting processed by all BeanPostProcessors (for example: not eligible for auto-proxying)
scaffold : [2019-01-17 14:31:45] [INFO ] [org.springframework.context.support.PostProcessorRegistrationDelegate$BeanPostProcessorChecker:330]-- Bean 'org.springframework.hateoas.config.HateoasConfiguration' of type [org.springframework.hateoas.config.HateoasConfiguration$$EnhancerBySpringCGLIB$$e93c749] is not eligible for getting processed by all BeanPostProcessors (for example: not eligible for auto-proxying)
scaffold : [2019-01-17 14:31:46] [INFO ] [org.springframework.boot.web.embedded.tomcat.TomcatWebServer:90]-- Tomcat initialized with port(s): 8080 (http)
scaffold : [2019-01-17 14:31:46] [INFO ] [org.apache.coyote.http11.Http11NioProtocol:173]-- Initializing ProtocolHandler ["http-nio-8080"]
scaffold : [2019-01-17 14:31:46] [INFO ] [org.apache.catalina.core.StandardService:173]-- Starting service [Tomcat]
scaffold : [2019-01-17 14:31:46] [INFO ] [org.apache.catalina.core.StandardEngine:173]-- Starting Servlet engine: [Apache Tomcat/9.0.14]
scaffold : [2019-01-17 14:31:46] [INFO ] [org.apache.catalina.core.AprLifecycleListener:173]-- The APR based Apache Tomcat Native library which allows optimal performance in production environments was not found on the java.library.path: [/Users/chenjialu/Library/Java/Extensions:/Library/Java/Extensions:/Network/Library/Java/Extensions:/System/Library/Java/Extensions:/usr/lib/java:.]
scaffold : [2019-01-17 14:31:46] [INFO ] [org.apache.catalina.core.ContainerBase.[Tomcat].[localhost].[/]:173]-- Initializing Spring embedded WebApplicationContext
scaffold : [2019-01-17 14:31:46] [INFO ] [org.springframework.web.context.ContextLoader:296]-- Root WebApplicationContext: initialization completed in 2169 ms
scaffold : [2019-01-17 14:31:46] [INFO ] [com.alibaba.druid.spring.boot.autoconfigure.DruidDataSourceAutoConfigure:56]-- Init DruidDataSource
scaffold : [2019-01-17 14:31:46] [INFO ] [com.alibaba.druid.pool.DruidDataSource:930]-- {dataSource-1} inited
scaffold : [2019-01-17 14:31:46] [INFO ] [org.apache.catalina.core.StandardService:173]-- Stopping service [Tomcat]
scaffold : [2019-01-17 14:31:46] [INFO ] [org.springframework.boot.autoconfigure.logging.ConditionEvaluationReportLoggingListener:142]-- 

Error starting ApplicationContext. To display the conditions report re-run your application with 'debug' enabled.
scaffold : [2019-01-17 14:32:39] [INFO ] [com.alu.scaffold.ScaffoldApplication:50]-- Starting ScaffoldApplication on alu.local with PID 2344 (/Users/chenjialu/work/workspace/scaffold/target/classes started by chenjialu in /Users/chenjialu/work/workspace/scaffold)
scaffold : [2019-01-17 14:32:39] [INFO ] [com.alu.scaffold.ScaffoldApplication:679]-- The following profiles are active: dev
scaffold : [2019-01-17 14:32:40] [INFO ] [org.springframework.data.repository.config.RepositoryConfigurationDelegate:244]-- Multiple Spring Data modules found, entering strict repository configuration mode!
scaffold : [2019-01-17 14:32:40] [INFO ] [org.springframework.data.repository.config.RepositoryConfigurationDelegate:126]-- Bootstrapping Spring Data repositories in DEFAULT mode.
scaffold : [2019-01-17 14:32:40] [INFO ] [org.springframework.data.repository.config.RepositoryConfigurationDelegate:182]-- Finished Spring Data repository scanning in 13ms. Found 0 repository interfaces.
scaffold : [2019-01-17 14:32:40] [INFO ] [org.springframework.context.annotation.ConfigurationClassPostProcessor:380]-- Cannot enhance @Configuration bean definition 'mybatisConfigurer.MyBatisMapperScannerConfigurer' since its singleton instance has been created too early. The typical cause is a non-static @Bean method with a BeanDefinitionRegistryPostProcessor return type: Consider declaring such methods as 'static'.
scaffold : [2019-01-17 14:32:40] [INFO ] [org.springframework.context.support.PostProcessorRegistrationDelegate$BeanPostProcessorChecker:330]-- Bean 'org.springframework.amqp.rabbit.annotation.RabbitBootstrapConfiguration' of type [org.springframework.amqp.rabbit.annotation.RabbitBootstrapConfiguration$$EnhancerBySpringCGLIB$$8724545a] is not eligible for getting processed by all BeanPostProcessors (for example: not eligible for auto-proxying)
scaffold : [2019-01-17 14:32:40] [INFO ] [org.springframework.context.support.PostProcessorRegistrationDelegate$BeanPostProcessorChecker:330]-- Bean 'redisConfigurer' of type [com.alu.scaffold.config.RedisConfigurer$$EnhancerBySpringCGLIB$$b03829f3] is not eligible for getting processed by all BeanPostProcessors (for example: not eligible for auto-proxying)
scaffold : [2019-01-17 14:32:40] [INFO ] [org.springframework.context.support.PostProcessorRegistrationDelegate$BeanPostProcessorChecker:330]-- Bean 'org.springframework.transaction.annotation.ProxyTransactionManagementConfiguration' of type [org.springframework.transaction.annotation.ProxyTransactionManagementConfiguration$$EnhancerBySpringCGLIB$$c0b8962c] is not eligible for getting processed by all BeanPostProcessors (for example: not eligible for auto-proxying)
scaffold : [2019-01-17 14:32:40] [INFO ] [org.springframework.context.support.PostProcessorRegistrationDelegate$BeanPostProcessorChecker:330]-- Bean 'org.springframework.hateoas.config.HateoasConfiguration' of type [org.springframework.hateoas.config.HateoasConfiguration$$EnhancerBySpringCGLIB$$4038e35e] is not eligible for getting processed by all BeanPostProcessors (for example: not eligible for auto-proxying)
scaffold : [2019-01-17 14:32:40] [INFO ] [org.springframework.boot.web.embedded.tomcat.TomcatWebServer:90]-- Tomcat initialized with port(s): 8080 (http)
scaffold : [2019-01-17 14:32:40] [INFO ] [org.apache.coyote.http11.Http11NioProtocol:173]-- Initializing ProtocolHandler ["http-nio-8080"]
scaffold : [2019-01-17 14:32:41] [INFO ] [org.apache.catalina.core.StandardService:173]-- Starting service [Tomcat]
scaffold : [2019-01-17 14:32:41] [INFO ] [org.apache.catalina.core.StandardEngine:173]-- Starting Servlet engine: [Apache Tomcat/9.0.14]
scaffold : [2019-01-17 14:32:41] [INFO ] [org.apache.catalina.core.AprLifecycleListener:173]-- The APR based Apache Tomcat Native library which allows optimal performance in production environments was not found on the java.library.path: [/Users/chenjialu/Library/Java/Extensions:/Library/Java/Extensions:/Network/Library/Java/Extensions:/System/Library/Java/Extensions:/usr/lib/java:.]
scaffold : [2019-01-17 14:32:41] [INFO ] [org.apache.catalina.core.ContainerBase.[Tomcat].[localhost].[/]:173]-- Initializing Spring embedded WebApplicationContext
scaffold : [2019-01-17 14:32:41] [INFO ] [org.springframework.web.context.ContextLoader:296]-- Root WebApplicationContext: initialization completed in 1662 ms
scaffold : [2019-01-17 14:32:41] [INFO ] [com.alibaba.druid.spring.boot.autoconfigure.DruidDataSourceAutoConfigure:56]-- Init DruidDataSource
scaffold : [2019-01-17 14:32:41] [INFO ] [com.alibaba.druid.pool.DruidDataSource:930]-- {dataSource-1} inited
scaffold : [2019-01-17 14:32:43] [INFO ] [springfox.documentation.spring.web.PropertySourcedRequestMappingHandlerMapping:69]-- Mapped URL path [/v2/api-docs] onto method [public org.springframework.http.ResponseEntity<springfox.documentation.spring.web.json.Json> springfox.documentation.swagger2.web.Swagger2Controller.getDocumentation(java.lang.String,javax.servlet.http.HttpServletRequest)]
scaffold : [2019-01-17 14:32:43] [INFO ] [org.springframework.scheduling.concurrent.ThreadPoolTaskExecutor:171]-- Initializing ExecutorService 'applicationTaskExecutor'
scaffold : [2019-01-17 14:32:44] [INFO ] [springfox.documentation.spring.web.plugins.DocumentationPluginsBootstrapper:147]-- Context refreshed
scaffold : [2019-01-17 14:32:44] [INFO ] [springfox.documentation.spring.web.plugins.DocumentationPluginsBootstrapper:150]-- Found 1 custom documentation plugin(s)
scaffold : [2019-01-17 14:32:44] [INFO ] [springfox.documentation.spring.web.scanners.ApiListingReferenceScanner:41]-- Scanning for api listing references
scaffold : [2019-01-17 14:32:44] [INFO ] [org.apache.coyote.http11.Http11NioProtocol:173]-- Starting ProtocolHandler ["http-nio-8080"]
scaffold : [2019-01-17 14:32:44] [INFO ] [org.springframework.boot.web.embedded.tomcat.TomcatWebServer:204]-- Tomcat started on port(s): 8080 (http) with context path ''
scaffold : [2019-01-17 14:32:44] [INFO ] [com.alu.scaffold.ScaffoldApplication:59]-- Started ScaffoldApplication in 5.706 seconds (JVM running for 6.298)
scaffold : [2019-01-17 14:34:10] [INFO ] [org.apache.catalina.core.ContainerBase.[Tomcat].[localhost].[/]:173]-- Initializing Spring DispatcherServlet 'dispatcherServlet'
scaffold : [2019-01-17 14:34:10] [INFO ] [org.springframework.web.servlet.DispatcherServlet:524]-- Initializing Servlet 'dispatcherServlet'
scaffold : [2019-01-17 14:34:10] [INFO ] [org.springframework.web.servlet.DispatcherServlet:546]-- Completed initialization in 19 ms
scaffold : [2019-01-17 14:44:26] [INFO ] [org.springframework.scheduling.concurrent.ThreadPoolTaskExecutor:208]-- Shutting down ExecutorService 'applicationTaskExecutor'
scaffold : [2019-01-17 14:44:26] [INFO ] [com.alibaba.druid.pool.DruidDataSource:1825]-- {dataSource-1} closed
scaffold : [2019-01-17 14:44:50] [INFO ] [com.alu.scaffold.ScaffoldApplication:50]-- Starting ScaffoldApplication on alu.local with PID 2440 (/Users/chenjialu/work/workspace/scaffold/target/classes started by chenjialu in /Users/chenjialu/work/workspace/scaffold)
scaffold : [2019-01-17 14:44:50] [INFO ] [com.alu.scaffold.ScaffoldApplication:679]-- The following profiles are active: dev
scaffold : [2019-01-17 14:44:50] [INFO ] [org.springframework.data.repository.config.RepositoryConfigurationDelegate:244]-- Multiple Spring Data modules found, entering strict repository configuration mode!
scaffold : [2019-01-17 14:44:50] [INFO ] [org.springframework.data.repository.config.RepositoryConfigurationDelegate:126]-- Bootstrapping Spring Data repositories in DEFAULT mode.
scaffold : [2019-01-17 14:44:50] [INFO ] [org.springframework.data.repository.config.RepositoryConfigurationDelegate:182]-- Finished Spring Data repository scanning in 12ms. Found 0 repository interfaces.
scaffold : [2019-01-17 14:44:51] [INFO ] [org.springframework.context.annotation.ConfigurationClassPostProcessor:380]-- Cannot enhance @Configuration bean definition 'mybatisConfigurer.MyBatisMapperScannerConfigurer' since its singleton instance has been created too early. The typical cause is a non-static @Bean method with a BeanDefinitionRegistryPostProcessor return type: Consider declaring such methods as 'static'.
scaffold : [2019-01-17 14:44:51] [INFO ] [org.springframework.context.support.PostProcessorRegistrationDelegate$BeanPostProcessorChecker:330]-- Bean 'org.springframework.amqp.rabbit.annotation.RabbitBootstrapConfiguration' of type [org.springframework.amqp.rabbit.annotation.RabbitBootstrapConfiguration$$EnhancerBySpringCGLIB$$1f094631] is not eligible for getting processed by all BeanPostProcessors (for example: not eligible for auto-proxying)
scaffold : [2019-01-17 14:44:51] [INFO ] [org.springframework.context.support.PostProcessorRegistrationDelegate$BeanPostProcessorChecker:330]-- Bean 'redisConfigurer' of type [com.alu.scaffold.config.RedisConfigurer$$EnhancerBySpringCGLIB$$481d1bca] is not eligible for getting processed by all BeanPostProcessors (for example: not eligible for auto-proxying)
scaffold : [2019-01-17 14:44:51] [INFO ] [org.springframework.context.support.PostProcessorRegistrationDelegate$BeanPostProcessorChecker:330]-- Bean 'org.springframework.transaction.annotation.ProxyTransactionManagementConfiguration' of type [org.springframework.transaction.annotation.ProxyTransactionManagementConfiguration$$EnhancerBySpringCGLIB$$589d8803] is not eligible for getting processed by all BeanPostProcessors (for example: not eligible for auto-proxying)
scaffold : [2019-01-17 14:44:51] [INFO ] [org.springframework.context.support.PostProcessorRegistrationDelegate$BeanPostProcessorChecker:330]-- Bean 'org.springframework.hateoas.config.HateoasConfiguration' of type [org.springframework.hateoas.config.HateoasConfiguration$$EnhancerBySpringCGLIB$$d81dd535] is not eligible for getting processed by all BeanPostProcessors (for example: not eligible for auto-proxying)
scaffold : [2019-01-17 14:44:51] [INFO ] [org.springframework.boot.web.embedded.tomcat.TomcatWebServer:90]-- Tomcat initialized with port(s): 8080 (http)
scaffold : [2019-01-17 14:44:51] [INFO ] [org.apache.coyote.http11.Http11NioProtocol:173]-- Initializing ProtocolHandler ["http-nio-8080"]
scaffold : [2019-01-17 14:44:51] [INFO ] [org.apache.catalina.core.StandardService:173]-- Starting service [Tomcat]
scaffold : [2019-01-17 14:44:51] [INFO ] [org.apache.catalina.core.StandardEngine:173]-- Starting Servlet engine: [Apache Tomcat/9.0.14]
scaffold : [2019-01-17 14:44:51] [INFO ] [org.apache.catalina.core.AprLifecycleListener:173]-- The APR based Apache Tomcat Native library which allows optimal performance in production environments was not found on the java.library.path: [/Users/chenjialu/Library/Java/Extensions:/Library/Java/Extensions:/Network/Library/Java/Extensions:/System/Library/Java/Extensions:/usr/lib/java:.]
scaffold : [2019-01-17 14:44:51] [INFO ] [org.apache.catalina.core.ContainerBase.[Tomcat].[localhost].[/]:173]-- Initializing Spring embedded WebApplicationContext
scaffold : [2019-01-17 14:44:51] [INFO ] [org.springframework.web.context.ContextLoader:296]-- Root WebApplicationContext: initialization completed in 1776 ms
scaffold : [2019-01-17 14:44:52] [INFO ] [com.alibaba.druid.spring.boot.autoconfigure.DruidDataSourceAutoConfigure:56]-- Init DruidDataSource
scaffold : [2019-01-17 14:44:52] [INFO ] [com.alibaba.druid.pool.DruidDataSource:930]-- {dataSource-1} inited
scaffold : [2019-01-17 14:44:53] [INFO ] [springfox.documentation.spring.web.PropertySourcedRequestMappingHandlerMapping:69]-- Mapped URL path [/v2/api-docs] onto method [public org.springframework.http.ResponseEntity<springfox.documentation.spring.web.json.Json> springfox.documentation.swagger2.web.Swagger2Controller.getDocumentation(java.lang.String,javax.servlet.http.HttpServletRequest)]
scaffold : [2019-01-17 14:44:53] [INFO ] [org.springframework.scheduling.concurrent.ThreadPoolTaskExecutor:171]-- Initializing ExecutorService 'applicationTaskExecutor'
scaffold : [2019-01-17 14:44:54] [INFO ] [springfox.documentation.spring.web.plugins.DocumentationPluginsBootstrapper:147]-- Context refreshed
scaffold : [2019-01-17 14:44:54] [INFO ] [springfox.documentation.spring.web.plugins.DocumentationPluginsBootstrapper:150]-- Found 1 custom documentation plugin(s)
scaffold : [2019-01-17 14:44:54] [INFO ] [springfox.documentation.spring.web.scanners.ApiListingReferenceScanner:41]-- Scanning for api listing references
scaffold : [2019-01-17 14:44:54] [INFO ] [org.apache.coyote.http11.Http11NioProtocol:173]-- Starting ProtocolHandler ["http-nio-8080"]
scaffold : [2019-01-17 14:44:54] [INFO ] [org.springframework.boot.web.embedded.tomcat.TomcatWebServer:204]-- Tomcat started on port(s): 8080 (http) with context path ''
scaffold : [2019-01-17 14:44:54] [INFO ] [com.alu.scaffold.ScaffoldApplication:59]-- Started ScaffoldApplication in 5.393 seconds (JVM running for 5.919)
scaffold : [2019-01-17 14:45:06] [INFO ] [org.apache.catalina.core.ContainerBase.[Tomcat].[localhost].[/]:173]-- Initializing Spring DispatcherServlet 'dispatcherServlet'
scaffold : [2019-01-17 14:45:06] [INFO ] [org.springframework.web.servlet.DispatcherServlet:524]-- Initializing Servlet 'dispatcherServlet'
scaffold : [2019-01-17 14:45:06] [INFO ] [org.springframework.web.servlet.DispatcherServlet:546]-- Completed initialization in 18 ms
scaffold : [2019-01-17 14:48:46] [INFO ] [org.springframework.scheduling.concurrent.ThreadPoolTaskExecutor:208]-- Shutting down ExecutorService 'applicationTaskExecutor'
scaffold : [2019-01-17 14:48:46] [INFO ] [com.alibaba.druid.pool.DruidDataSource:1825]-- {dataSource-1} closed
scaffold : [2019-01-17 14:48:48] [INFO ] [com.alu.scaffold.ScaffoldApplication:50]-- Starting ScaffoldApplication on alu.local with PID 2486 (/Users/chenjialu/work/workspace/scaffold/target/classes started by chenjialu in /Users/chenjialu/work/workspace/scaffold)
scaffold : [2019-01-17 14:48:48] [INFO ] [com.alu.scaffold.ScaffoldApplication:679]-- The following profiles are active: dev
scaffold : [2019-01-17 14:48:49] [INFO ] [org.springframework.data.repository.config.RepositoryConfigurationDelegate:244]-- Multiple Spring Data modules found, entering strict repository configuration mode!
scaffold : [2019-01-17 14:48:49] [INFO ] [org.springframework.data.repository.config.RepositoryConfigurationDelegate:126]-- Bootstrapping Spring Data repositories in DEFAULT mode.
scaffold : [2019-01-17 14:48:49] [INFO ] [org.springframework.data.repository.config.RepositoryConfigurationDelegate:182]-- Finished Spring Data repository scanning in 13ms. Found 0 repository interfaces.
scaffold : [2019-01-17 14:48:49] [INFO ] [org.springframework.context.annotation.ConfigurationClassPostProcessor:380]-- Cannot enhance @Configuration bean definition 'mybatisConfigurer.MyBatisMapperScannerConfigurer' since its singleton instance has been created too early. The typical cause is a non-static @Bean method with a BeanDefinitionRegistryPostProcessor return type: Consider declaring such methods as 'static'.
scaffold : [2019-01-17 14:48:49] [INFO ] [org.springframework.context.support.PostProcessorRegistrationDelegate$BeanPostProcessorChecker:330]-- Bean 'org.springframework.amqp.rabbit.annotation.RabbitBootstrapConfiguration' of type [org.springframework.amqp.rabbit.annotation.RabbitBootstrapConfiguration$$EnhancerBySpringCGLIB$$4a338ea2] is not eligible for getting processed by all BeanPostProcessors (for example: not eligible for auto-proxying)
scaffold : [2019-01-17 14:48:49] [INFO ] [org.springframework.context.support.PostProcessorRegistrationDelegate$BeanPostProcessorChecker:330]-- Bean 'redisConfigurer' of type [com.alu.scaffold.config.RedisConfigurer$$EnhancerBySpringCGLIB$$7347643b] is not eligible for getting processed by all BeanPostProcessors (for example: not eligible for auto-proxying)
scaffold : [2019-01-17 14:48:49] [INFO ] [org.springframework.context.support.PostProcessorRegistrationDelegate$BeanPostProcessorChecker:330]-- Bean 'org.springframework.transaction.annotation.ProxyTransactionManagementConfiguration' of type [org.springframework.transaction.annotation.ProxyTransactionManagementConfiguration$$EnhancerBySpringCGLIB$$83c7d074] is not eligible for getting processed by all BeanPostProcessors (for example: not eligible for auto-proxying)
scaffold : [2019-01-17 14:48:49] [INFO ] [org.springframework.context.support.PostProcessorRegistrationDelegate$BeanPostProcessorChecker:330]-- Bean 'org.springframework.hateoas.config.HateoasConfiguration' of type [org.springframework.hateoas.config.HateoasConfiguration$$EnhancerBySpringCGLIB$$3481da6] is not eligible for getting processed by all BeanPostProcessors (for example: not eligible for auto-proxying)
scaffold : [2019-01-17 14:48:50] [INFO ] [org.springframework.boot.web.embedded.tomcat.TomcatWebServer:90]-- Tomcat initialized with port(s): 8080 (http)
scaffold : [2019-01-17 14:48:50] [INFO ] [org.apache.coyote.http11.Http11NioProtocol:173]-- Initializing ProtocolHandler ["http-nio-8080"]
scaffold : [2019-01-17 14:48:50] [INFO ] [org.apache.catalina.core.StandardService:173]-- Starting service [Tomcat]
scaffold : [2019-01-17 14:48:50] [INFO ] [org.apache.catalina.core.StandardEngine:173]-- Starting Servlet engine: [Apache Tomcat/9.0.14]
scaffold : [2019-01-17 14:48:50] [INFO ] [org.apache.catalina.core.AprLifecycleListener:173]-- The APR based Apache Tomcat Native library which allows optimal performance in production environments was not found on the java.library.path: [/Users/chenjialu/Library/Java/Extensions:/Library/Java/Extensions:/Network/Library/Java/Extensions:/System/Library/Java/Extensions:/usr/lib/java:.]
scaffold : [2019-01-17 14:48:50] [INFO ] [org.apache.catalina.core.ContainerBase.[Tomcat].[localhost].[/]:173]-- Initializing Spring embedded WebApplicationContext
scaffold : [2019-01-17 14:48:50] [INFO ] [org.springframework.web.context.ContextLoader:296]-- Root WebApplicationContext: initialization completed in 1674 ms
scaffold : [2019-01-17 14:48:50] [INFO ] [com.alibaba.druid.spring.boot.autoconfigure.DruidDataSourceAutoConfigure:56]-- Init DruidDataSource
scaffold : [2019-01-17 14:48:50] [INFO ] [com.alibaba.druid.pool.DruidDataSource:930]-- {dataSource-1} inited
scaffold : [2019-01-17 14:48:52] [INFO ] [springfox.documentation.spring.web.PropertySourcedRequestMappingHandlerMapping:69]-- Mapped URL path [/v2/api-docs] onto method [public org.springframework.http.ResponseEntity<springfox.documentation.spring.web.json.Json> springfox.documentation.swagger2.web.Swagger2Controller.getDocumentation(java.lang.String,javax.servlet.http.HttpServletRequest)]
scaffold : [2019-01-17 14:48:52] [INFO ] [org.springframework.scheduling.concurrent.ThreadPoolTaskExecutor:171]-- Initializing ExecutorService 'applicationTaskExecutor'
scaffold : [2019-01-17 14:48:52] [INFO ] [springfox.documentation.spring.web.plugins.DocumentationPluginsBootstrapper:147]-- Context refreshed
scaffold : [2019-01-17 14:48:52] [INFO ] [springfox.documentation.spring.web.plugins.DocumentationPluginsBootstrapper:150]-- Found 1 custom documentation plugin(s)
scaffold : [2019-01-17 14:48:52] [INFO ] [springfox.documentation.spring.web.scanners.ApiListingReferenceScanner:41]-- Scanning for api listing references
scaffold : [2019-01-17 14:48:53] [INFO ] [org.apache.coyote.http11.Http11NioProtocol:173]-- Starting ProtocolHandler ["http-nio-8080"]
scaffold : [2019-01-17 14:48:53] [INFO ] [org.springframework.boot.web.embedded.tomcat.TomcatWebServer:204]-- Tomcat started on port(s): 8080 (http) with context path ''
scaffold : [2019-01-17 14:48:53] [INFO ] [com.alu.scaffold.ScaffoldApplication:59]-- Started ScaffoldApplication in 5.054 seconds (JVM running for 5.59)
scaffold : [2019-01-17 14:49:04] [INFO ] [org.apache.catalina.core.ContainerBase.[Tomcat].[localhost].[/]:173]-- Initializing Spring DispatcherServlet 'dispatcherServlet'
scaffold : [2019-01-17 14:49:04] [INFO ] [org.springframework.web.servlet.DispatcherServlet:524]-- Initializing Servlet 'dispatcherServlet'
scaffold : [2019-01-17 14:49:04] [INFO ] [org.springframework.web.servlet.DispatcherServlet:546]-- Completed initialization in 18 ms
scaffold : [2019-01-17 14:50:17] [INFO ] [org.springframework.scheduling.concurrent.ThreadPoolTaskExecutor:208]-- Shutting down ExecutorService 'applicationTaskExecutor'
scaffold : [2019-01-17 14:50:17] [INFO ] [com.alibaba.druid.pool.DruidDataSource:1825]-- {dataSource-1} closed
