scaffold : [2019-01-15 14:51:46] [INFO ] [com.alu.scaffold.ScaffoldApplication:50]-- Starting ScaffoldApplication on alu.local with PID 3269 (/Users/chenjialu/work/workspace/scaffold/target/classes started by chenjialu in /Users/chenjialu/work/workspace/scaffold)
scaffold : [2019-01-15 14:51:46] [INFO ] [com.alu.scaffold.ScaffoldApplication:679]-- The following profiles are active: dev
scaffold : [2019-01-15 14:51:47] [INFO ] [org.springframework.data.repository.config.RepositoryConfigurationDelegate:244]-- Multiple Spring Data modules found, entering strict repository configuration mode!
scaffold : [2019-01-15 14:51:47] [INFO ] [org.springframework.data.repository.config.RepositoryConfigurationDelegate:126]-- Bootstrapping Spring Data repositories in DEFAULT mode.
scaffold : [2019-01-15 14:51:47] [INFO ] [org.springframework.data.repository.config.RepositoryConfigurationDelegate:182]-- Finished Spring Data repository scanning in 12ms. Found 0 repository interfaces.
scaffold : [2019-01-15 14:51:47] [INFO ] [org.springframework.context.annotation.ConfigurationClassPostProcessor:380]-- Cannot enhance @Configuration bean definition 'mybatisConfigurer.MyBatisMapperScannerConfigurer' since its singleton instance has been created too early. The typical cause is a non-static @Bean method with a BeanDefinitionRegistryPostProcessor return type: Consider declaring such methods as 'static'.
scaffold : [2019-01-15 14:51:47] [INFO ] [org.springframework.context.support.PostProcessorRegistrationDelegate$BeanPostProcessorChecker:330]-- Bean 'redisConfigurer' of type [com.alu.scaffold.config.RedisConfigurer$$EnhancerBySpringCGLIB$$4d3d369f] is not eligible for getting processed by all BeanPostProcessors (for example: not eligible for auto-proxying)
scaffold : [2019-01-15 14:51:47] [INFO ] [org.springframework.context.support.PostProcessorRegistrationDelegate$BeanPostProcessorChecker:330]-- Bean 'org.springframework.transaction.annotation.ProxyTransactionManagementConfiguration' of type [org.springframework.transaction.annotation.ProxyTransactionManagementConfiguration$$EnhancerBySpringCGLIB$$5dbda2d8] is not eligible for getting processed by all BeanPostProcessors (for example: not eligible for auto-proxying)
scaffold : [2019-01-15 14:51:47] [INFO ] [org.springframework.context.support.PostProcessorRegistrationDelegate$BeanPostProcessorChecker:330]-- Bean 'org.springframework.hateoas.config.HateoasConfiguration' of type [org.springframework.hateoas.config.HateoasConfiguration$$EnhancerBySpringCGLIB$$dd3df00a] is not eligible for getting processed by all BeanPostProcessors (for example: not eligible for auto-proxying)
scaffold : [2019-01-15 14:51:47] [INFO ] [org.springframework.boot.web.embedded.tomcat.TomcatWebServer:90]-- Tomcat initialized with port(s): 8080 (http)
scaffold : [2019-01-15 14:51:47] [INFO ] [org.apache.coyote.http11.Http11NioProtocol:173]-- Initializing ProtocolHandler ["http-nio-8080"]
scaffold : [2019-01-15 14:51:47] [INFO ] [org.apache.catalina.core.StandardService:173]-- Starting service [Tomcat]
scaffold : [2019-01-15 14:51:47] [INFO ] [org.apache.catalina.core.StandardEngine:173]-- Starting Servlet engine: [Apache Tomcat/9.0.14]
scaffold : [2019-01-15 14:51:48] [INFO ] [org.apache.catalina.core.AprLifecycleListener:173]-- The APR based Apache Tomcat Native library which allows optimal performance in production environments was not found on the java.library.path: [/Users/chenjialu/Library/Java/Extensions:/Library/Java/Extensions:/Network/Library/Java/Extensions:/System/Library/Java/Extensions:/usr/lib/java:.]
scaffold : [2019-01-15 14:51:48] [INFO ] [org.apache.catalina.core.ContainerBase.[Tomcat].[localhost].[/]:173]-- Initializing Spring embedded WebApplicationContext
scaffold : [2019-01-15 14:51:48] [INFO ] [org.springframework.web.context.ContextLoader:296]-- Root WebApplicationContext: initialization completed in 1454 ms
scaffold : [2019-01-15 14:51:48] [INFO ] [com.alibaba.druid.spring.boot.autoconfigure.DruidDataSourceAutoConfigure:56]-- Init DruidDataSource
scaffold : [2019-01-15 14:51:48] [INFO ] [com.alibaba.druid.pool.DruidDataSource:930]-- {dataSource-1} inited
scaffold : [2019-01-15 14:51:49] [INFO ] [springfox.documentation.spring.web.PropertySourcedRequestMappingHandlerMapping:69]-- Mapped URL path [/v2/api-docs] onto method [public org.springframework.http.ResponseEntity<springfox.documentation.spring.web.json.Json> springfox.documentation.swagger2.web.Swagger2Controller.getDocumentation(java.lang.String,javax.servlet.http.HttpServletRequest)]
scaffold : [2019-01-15 14:51:49] [INFO ] [org.springframework.scheduling.concurrent.ThreadPoolTaskExecutor:171]-- Initializing ExecutorService 'applicationTaskExecutor'
scaffold : [2019-01-15 14:51:50] [INFO ] [springfox.documentation.spring.web.plugins.DocumentationPluginsBootstrapper:147]-- Context refreshed
scaffold : [2019-01-15 14:51:50] [INFO ] [springfox.documentation.spring.web.plugins.DocumentationPluginsBootstrapper:150]-- Found 1 custom documentation plugin(s)
scaffold : [2019-01-15 14:51:50] [INFO ] [springfox.documentation.spring.web.scanners.ApiListingReferenceScanner:41]-- Scanning for api listing references
scaffold : [2019-01-15 14:51:50] [INFO ] [org.apache.coyote.http11.Http11NioProtocol:173]-- Starting ProtocolHandler ["http-nio-8080"]
scaffold : [2019-01-15 14:51:50] [INFO ] [org.springframework.boot.web.embedded.tomcat.TomcatWebServer:204]-- Tomcat started on port(s): 8080 (http) with context path ''
scaffold : [2019-01-15 14:51:50] [INFO ] [com.alu.scaffold.ScaffoldApplication:59]-- Started ScaffoldApplication in 4.085 seconds (JVM running for 4.512)
scaffold : [2019-01-15 14:52:00] [INFO ] [org.springframework.scheduling.concurrent.ThreadPoolTaskExecutor:208]-- Shutting down ExecutorService 'applicationTaskExecutor'
scaffold : [2019-01-15 14:52:00] [INFO ] [com.alibaba.druid.pool.DruidDataSource:1825]-- {dataSource-1} closed
